#
# A fatal error has been detected by the Java Runtime Environment:
#
#  EXCEPTION_ACCESS_VIOLATION (0xc0000005) at pc=0x000007fee86b3fcc, pid=7112, tid=5476
#
# JRE version: 7.0-b147
# Java VM: Java HotSpot(TM) 64-Bit Server VM (21.0-b17 mixed mode windows-amd64 compressed oops)
# Problematic frame:
# C  [OpenNI64.dll+0x13fcc]
#
# Failed to write core dump. Minidumps are not enabled by default on client versions of Windows
#
# If you would like to submit a bug report, please visit:
#   http://bugreport.sun.com/bugreport/crash.jsp
# The crash happened outside the Java Virtual Machine in native code.
# See problematic frame for where to report the bug.
#

---------------  T H R E A D  ---------------

Current thread (0x0000000007deb800):  JavaThread "Animation Thread" [_thread_in_native, id=5476, stack(0x0000000009820000,0x0000000009920000)]

siginfo: ExceptionCode=0xc0000005, reading address 0x0000000000000000

Registers:
RAX=0x0000000007d5ea08, RBX=0x0000000007d5e9f0, RCX=0x0000000000000000, RDX=0x000007fee70ecd60
RSP=0x000000000991edd0, RBP=0x000007fee70eaa60, RSI=0x000007fee70eaa80, RDI=0x00000000091e7fd0
R8 =0x000007fee70ece60, R9 =0x0000000007d5e9f0, R10=0x00000000000000f9, R11=0x000000000000001b
R12=0x00000000091fbd20, R13=0x000000073d015a40, R14=0x000000000991ef60, R15=0x0000000007deb800
RIP=0x000007fee86b3fcc, EFLAGS=0x0000000000010202

Top of Stack: (sp=0x000000000991edd0)
0x000000000991edd0:   000000073d015a40 00000000091fbd20
0x000000000991ede0:   0000000000000020 000007fee70eaa80
0x000000000991edf0:   000007fee70eaa60 0000000065248c47
0x000000000991ee00:   0000000000000002 0000000007deb800
0x000000000991ee10:   000000000991ef60 000000073d015a40
0x000000000991ee20:   000007fee70eaa80 000007fee70ee82f
0x000000000991ee30:   00000000091e7fd0 000007fee70eaa80
0x000000000991ee40:   00000000091e7fd0 000000000991ef30
0x000000000991ee50:   0000000007d5ea08 000000000991eeb0
0x000000000991ee60:   0000000000000000 000007fee70f0531
0x000000000991ee70:   00000000091e7fd0 000000000991ef30
0x000000000991ee80:   0000000000000001 0000000002a56213
0x000000000991ee90:   00000000091fbd30 0000000007dd6b98
0x000000000991eea0:   00000000e7901682 0000000002a621e9
0x000000000991eeb0:   0000dc5bfffffffe 0000000002a56213
0x000000000991eec0:   000000073d015a40 0000000064b85bd5 

Instructions: (pc=0x000007fee86b3fcc)
0x000007fee86b3fac:   28 da 48 89 44 24 20 41 ff d2 48 83 c4 38 c3 cc
0x000007fee86b3fbc:   cc cc cc cc 40 56 41 55 41 56 41 57 48 83 ec 38
0x000007fee86b3fcc:   48 8b 01 4d 8b e9 4d 8b f0 83 78 10 00 4c 8b fa
0x000007fee86b3fdc:   48 8b f1 0f 86 e2 00 00 00 48 8b 40 08 44 8b 10 


Register to memory mapping:

RAX=0x0000000007d5ea08 is an unknown value
RBX=0x0000000007d5e9f0 is an unknown value
RCX=0x0000000000000000 is an unknown value
RDX=0x000007fee70ecd60 is an unknown value
RSP=0x000000000991edd0 is pointing into the stack for thread: 0x0000000007deb800
RBP=0x000007fee70eaa60 is an unknown value
RSI=0x000007fee70eaa80 is an unknown value
RDI=0x00000000091e7fd0 is an unknown value
R8 =0x000007fee70ece60 is an unknown value
R9 =0x0000000007d5e9f0 is an unknown value
R10=0x00000000000000f9 is an unknown value
R11=0x000000000000001b is an unknown value
R12=0x00000000091fbd20 is an unknown value
R13=0x000000073d015a40 is an oop
{method} 
 - klass: {other class}
R14=0x000000000991ef60 is pointing into the stack for thread: 0x0000000007deb800
R15=0x0000000007deb800 is a thread


Stack: [0x0000000009820000,0x0000000009920000],  sp=0x000000000991edd0,  free space=1019k
Native frames: (J=compiled Java code, j=interpreted, Vv=VM code, C=native code)
C  [OpenNI64.dll+0x13fcc]  xnRegisterGestureCallbacks+0xc

Java frames: (J=compiled Java code, j=interpreted, Vv=VM code)
j  SimpleOpenNI.SimpleOpenNIJNI.ContextWrapper_enableGestureSwigExplicitContextWrapper(JLSimpleOpenNI/ContextWrapper;)Z+0
j  SimpleOpenNI.ContextWrapper.enableGesture()Z+26
j  SimpleOpenNI.SimpleOpenNI.enableGesture(Ljava/lang/Object;)Z+6
j  kinect.Kinect.settings()V+21
j  kinect.Kinect.<init>(Lprocessing/core/PApplet;)V+52
j  Main.setup()V+13
j  processing.core.PApplet.handleDraw()V+172
j  processing.core.PGraphicsJava2D.requestDraw()V+4
j  processing.core.PApplet.run()V+132
j  java.lang.Thread.run()V+11
v  ~StubRoutines::call_stub

---------------  P R O C E S S  ---------------

Java Threads: ( => current thread )
=>0x0000000007deb800 JavaThread "Animation Thread" [_thread_in_native, id=5476, stack(0x0000000009820000,0x0000000009920000)]
  0x0000000007d88000 JavaThread "Image Fetcher 0" daemon [_thread_blocked, id=7020, stack(0x00000000092c0000,0x00000000093c0000)]
  0x0000000007d37000 JavaThread "AWT-EventQueue-0" [_thread_blocked, id=4840, stack(0x00000000087c0000,0x00000000088c0000)]
  0x0000000007d0c000 JavaThread "AWT-Windows" daemon [_thread_in_native, id=3812, stack(0x0000000008640000,0x0000000008740000)]
  0x0000000007d07000 JavaThread "AWT-Shutdown" [_thread_blocked, id=6220, stack(0x0000000008480000,0x0000000008580000)]
  0x0000000007d04000 JavaThread "Java2D Disposer" daemon [_thread_blocked, id=5180, stack(0x00000000081c0000,0x00000000082c0000)]
  0x0000000006af9000 JavaThread "Service Thread" daemon [_thread_blocked, id=4208, stack(0x0000000007a10000,0x0000000007b10000)]
  0x0000000006af5000 JavaThread "C2 CompilerThread1" daemon [_thread_blocked, id=5184, stack(0x0000000007840000,0x0000000007940000)]
  0x0000000006ae3000 JavaThread "C2 CompilerThread0" daemon [_thread_blocked, id=3500, stack(0x00000000076e0000,0x00000000077e0000)]
  0x0000000006adf800 JavaThread "Attach Listener" daemon [_thread_blocked, id=4968, stack(0x0000000007580000,0x0000000007680000)]
  0x0000000006ada800 JavaThread "Signal Dispatcher" daemon [_thread_blocked, id=6540, stack(0x00000000073e0000,0x00000000074e0000)]
  0x0000000002636000 JavaThread "Finalizer" daemon [_thread_blocked, id=6772, stack(0x0000000007190000,0x0000000007290000)]
  0x000000000262d000 JavaThread "Reference Handler" daemon [_thread_blocked, id=6448, stack(0x00000000072a0000,0x00000000073a0000)]
  0x00000000026ad000 JavaThread "main" [_thread_blocked, id=6168, stack(0x0000000002950000,0x0000000002a50000)]

Other Threads:
  0x0000000002625800 VMThread [stack: 0x0000000007080000,0x0000000007180000] [id=2980]
  0x0000000006b14000 WatcherThread [stack: 0x0000000007b10000,0x0000000007c10000] [id=6396]

VM state:not at safepoint (normal execution)

VM Mutex/Monitor currently owned by a thread: None

Heap
 PSYoungGen      total 56896K, used 7906K [0x00000007c08b0000, 0x00000007c4820000, 0x0000000800000000)
  eden space 48832K, 16% used [0x00000007c08b0000,0x00000007c1068ad8,0x00000007c3860000)
  from space 8064K, 0% used [0x00000007c4040000,0x00000007c4040000,0x00000007c4820000)
  to   space 8064K, 0% used [0x00000007c3860000,0x00000007c3860000,0x00000007c4040000)
 PSOldGen        total 129984K, used 0K [0x0000000741a00000, 0x00000007498f0000, 0x00000007c08b0000)
  object space 129984K, 0% used [0x0000000741a00000,0x0000000741a00000,0x00000007498f0000)
 PSPermGen       total 21248K, used 8541K [0x000000073c800000, 0x000000073dcc0000, 0x0000000741a00000)
  object space 21248K, 40% used [0x000000073c800000,0x000000073d057790,0x000000073dcc0000)

Code Cache  [0x0000000002a50000, 0x0000000002cc0000, 0x0000000005a50000)
 total_blobs=465 nmethods=11 adapters=406 free_code_cache=48612Kb largest_free_block=49760320

Dynamic libraries:
0x000000013f020000 - 0x000000013f053000 	C:\Program Files\Java\jdk1.7.0\bin\javaw.exe
0x00000000775c0000 - 0x0000000077769000 	C:\Windows\SYSTEM32\ntdll.dll
0x0000000076ee0000 - 0x0000000076fff000 	C:\Windows\system32\kernel32.dll
0x000007fefdad0000 - 0x000007fefdb3c000 	C:\Windows\system32\KERNELBASE.dll
0x000007feff190000 - 0x000007feff26b000 	C:\Windows\system32\ADVAPI32.dll
0x000007feff2f0000 - 0x000007feff38f000 	C:\Windows\system32\msvcrt.dll
0x000007feff390000 - 0x000007feff3af000 	C:\Windows\SYSTEM32\sechost.dll
0x000007fefebb0000 - 0x000007fefecdd000 	C:\Windows\system32\RPCRT4.dll
0x0000000077150000 - 0x000000007724a000 	C:\Windows\system32\USER32.dll
0x000007feff450000 - 0x000007feff4b7000 	C:\Windows\system32\GDI32.dll
0x000007fefee50000 - 0x000007fefee5e000 	C:\Windows\system32\LPK.dll
0x000007fefeee0000 - 0x000007fefefa9000 	C:\Windows\system32\USP10.dll
0x000007fefc3a0000 - 0x000007fefc594000 	C:\Windows\WinSxS\amd64_microsoft.windows.common-controls_6595b64144ccf1df_6.0.7601.17514_none_fa396087175ac9ac\COMCTL32.dll
0x000007fefedd0000 - 0x000007fefee41000 	C:\Windows\system32\SHLWAPI.dll
0x000007fefddf0000 - 0x000007fefde1e000 	C:\Windows\system32\IMM32.DLL
0x000007feff4c0000 - 0x000007feff5c9000 	C:\Windows\system32\MSCTF.dll
0x000007fefd9e0000 - 0x000007fefda20000 	C:\Windows\system32\nvinitx.dll
0x000000000f000000 - 0x000000000f006000 	C:\Program Files\NVIDIA Corporation\CoProcManager\_etoured.dll
0x000007fefac10000 - 0x000007fefac64000 	C:\Program Files\NVIDIA Corporation\CoProcManager\nvd3d9wrapx.dll
0x000007fefefb0000 - 0x000007feff187000 	C:\Windows\system32\SETUPAPI.dll
0x000007fefddb0000 - 0x000007fefdde6000 	C:\Windows\system32\CFGMGR32.dll
0x000007fefece0000 - 0x000007fefedb7000 	C:\Windows\system32\OLEAUT32.dll
0x000007feff5d0000 - 0x000007feff7d3000 	C:\Windows\system32\ole32.dll
0x000007fefdc20000 - 0x000007fefdc3a000 	C:\Windows\system32\DEVOBJ.dll
0x000007fefab00000 - 0x000007fefab43000 	C:\Program Files\NVIDIA Corporation\CoProcManager\nvdxgiwrapx.dll
0x00000000651e0000 - 0x00000000652b1000 	C:\Program Files\Java\jdk1.7.0\jre\bin\msvcr100.dll
0x0000000064b10000 - 0x00000000651de000 	C:\Program Files\Java\jdk1.7.0\jre\bin\server\jvm.dll
0x000007fef96f0000 - 0x000007fef96f9000 	C:\Windows\system32\WSOCK32.dll
0x000007feff880000 - 0x000007feff8cd000 	C:\Windows\system32\WS2_32.dll
0x000007fefedc0000 - 0x000007fefedc8000 	C:\Windows\system32\NSI.dll
0x000007fefb500000 - 0x000007fefb53b000 	C:\Windows\system32\WINMM.dll
0x0000000077790000 - 0x0000000077797000 	C:\Windows\system32\PSAPI.DLL
0x0000000067e60000 - 0x0000000067e6f000 	C:\Program Files\Java\jdk1.7.0\jre\bin\verify.dll
0x0000000067e30000 - 0x0000000067e58000 	C:\Program Files\Java\jdk1.7.0\jre\bin\java.dll
0x0000000064af0000 - 0x0000000064b05000 	C:\Program Files\Java\jdk1.7.0\jre\bin\zip.dll
0x0000000064950000 - 0x0000000064ae3000 	C:\Program Files\Java\jdk1.7.0\jre\bin\awt.dll
0x000007fefc020000 - 0x000007fefc076000 	C:\Windows\system32\uxtheme.dll
0x000007fefba30000 - 0x000007fefba48000 	C:\Windows\system32\dwmapi.dll
0x000007fefd910000 - 0x000007fefd91f000 	C:\Windows\system32\CRYPTBASE.dll
0x0000000064910000 - 0x0000000064944000 	C:\Program Files\Java\jdk1.7.0\jre\bin\fontmanager.dll
0x000007fee70c0000 - 0x000007fee7143000 	C:\Users\Martin\Workspace\Eclipse\EloGG\nativelibrary\SimpleOpenNI64.dll
0x000007fee86a0000 - 0x000007fee8709000 	C:\Program Files\OpenNI\Bin64\OpenNI64.dll
0x000007fefde20000 - 0x000007fefeba8000 	C:\Windows\system32\SHELL32.dll
0x000007fee5ce0000 - 0x000007fee5df2000 	C:\Program Files\PrimeSense\NITE\bin64\XnVNITE64_1_5_2.dll
0x0000000070b30000 - 0x0000000070bd3000 	C:\Windows\WinSxS\amd64_microsoft.vc90.crt_1fc8b3b9a1e18e3b_9.0.30729.6161_none_08e61857a83bc251\MSVCR90.dll
0x0000000067f60000 - 0x0000000068033000 	C:\Windows\WinSxS\amd64_microsoft.vc90.crt_1fc8b3b9a1e18e3b_9.0.30729.6161_none_08e61857a83bc251\MSVCP90.dll
0x000007feebbc0000 - 0x000007feebbdc000 	C:\Program Files\OpenNI\bin64\nimRecorder64.dll
0x000007feebc20000 - 0x000007feebc40000 	C:\Program Files\OpenNI\bin64\nimMockNodes64.dll
0x000007fee7060000 - 0x000007fee70b4000 	C:\Program Files\OpenNI\bin64\nimCodecs64.dll
0x000007fee5a10000 - 0x000007fee5cd1000 	C:\Program Files\PrimeSense\NITE\Features_1_3_1\Bin64\XnVFeatures64_1_3_1.dll
0x000007fee5660000 - 0x000007fee5a04000 	C:\Program Files\PrimeSense\NITE\Features_1_4_1\Bin64\XnVFeatures64_1_4_1.dll
0x000007fee3550000 - 0x000007fee38ea000 	C:\Program Files\PrimeSense\NITE\Features_1_4_2\Bin64\XnVFeatures64_1_4_2.dll
0x000007fee31a0000 - 0x000007fee354f000 	C:\Program Files\PrimeSense\NITE\Features_1_5_2\Bin64\XnVFeatures64_1_5_2.dll
0x000007fee5530000 - 0x000007fee5651000 	C:\Program Files\PrimeSense\NITE\Hands_1_3_1\Bin64\XnVHandGenerator64_1_3_1.dll
0x000007fee5400000 - 0x000007fee5524000 	C:\Program Files\PrimeSense\NITE\Hands_1_4_1\Bin64\XnVHandGenerator64_1_4_1.dll
0x000007fee5e00000 - 0x000007fee5f1a000 	C:\Program Files\PrimeSense\NITE\Hands_1_4_2\Bin64\XnVHandGenerator64_1_4_2.dll
0x000007fee3070000 - 0x000007fee319c000 	C:\Program Files\PrimeSense\NITE\Hands_1_5_2\Bin64\XnVHandGenerator64_1_5_2.dll
0x000007feeb2c0000 - 0x000007feeb2f9000 	C:\Program Files\PrimeSense\Sensor\Bin64\XnDeviceFile64.dll
0x000007feebe20000 - 0x000007feebe2d000 	C:\Program Files\PrimeSense\Sensor\Bin64\XnCore64.dll
0x000007fee5350000 - 0x000007fee53f8000 	C:\Program Files\PrimeSense\Sensor\Bin64\XnDDK64.dll
0x000007fee51e0000 - 0x000007fee5244000 	C:\Program Files\PrimeSense\Sensor\Bin64\XnFormats64.dll
0x000007fee2fb0000 - 0x000007fee3066000 	C:\Program Files\PrimeSense\Sensor\Bin64\XnDeviceSensorV264.dll
0x000007feebb90000 - 0x000007feebbb7000 	C:\Program Files\PrimeSense\SensorKinect\Bin64\XnDeviceFile64.dll
0x000007fee2f40000 - 0x000007fee2fa5000 	C:\Program Files\PrimeSense\SensorKinect\Bin64\XnDeviceSensorV2KM64.dll
0x000007fefdb40000 - 0x000007fefdb79000 	C:\Windows\system32\WINTRUST.dll
0x000007fefdc40000 - 0x000007fefddaa000 	C:\Windows\system32\CRYPT32.dll
0x0000000002640000 - 0x000000000264f000 	C:\Windows\system32\MSASN1.dll

VM Arguments:
jvm_args: -Djava.library.path=C:\Users\Martin\Workspace\Eclipse\EloGG\nativelibrary -Dfile.encoding=Cp1252 
java_command: Main
Launcher Type: SUN_STANDARD

Environment Variables:
JAVA_HOME=C:\Program Files\Java\jdk1.7.0
CLASSPATH=C:\Program Files\OpenNI\Bin64\org.OpenNI.jar
PATH=C:/Program Files (x86)/Java/jre7/bin/client;C:/Program Files (x86)/Java/jre7/bin;C:/Program Files (x86)/Java/jre7/lib/i386;C:\Windows\system32;C:\Windows;C:\Windows\System32\Wbem;C:\Windows\System32\WindowsPowerShell\v1.0\;C:\Program Files\Intel\WiFi\bin\;C:\Program Files\Common Files\Intel\WirelessCommon\;C:\Program Files (x86)\MiKTeX 2.9\miktex\bin\;C:\Program Files (x86)\Common Files\Acronis\SnapAPI\;C:\Program Files (x86)\Smart Projects\IsoBuster;C:\Program Files (x86)\Calibre2\;C:\Program Files\Microsoft\Web Platform Installer\;C:\Program Files\OpenNI\Bin64;C:\Program Files\PrimeSense\NITE\bin64;C:\Program Files\nodejs\;C:\Program Files (x86)\CMake 2.8\bin;C:\Program Files\apache-maven-3.0.4\bin;;C:\Windows\System32\WindowsPowerShell\v1.0\;C:\Program Files\Intel\WiFi\bin\;C:\Program Files\Common Files\Intel\WirelessCommon\;C:\Users\Martin\AppData\Roaming\npm\;C:\Program Files (x86)\eclipse;
USERNAME=Martin
OS=Windows_NT
PROCESSOR_IDENTIFIER=Intel64 Family 6 Model 42 Stepping 7, GenuineIntel



---------------  S Y S T E M  ---------------

OS: Windows 7 , 64 bit Build 7601 Service Pack 1

CPU:total 4 (2 cores per cpu, 2 threads per core) family 6 model 42 stepping 7, cmov, cx8, fxsr, mmx, sse, sse2, sse3, ssse3, sse4.1, sse4.2, popcnt, ht

Memory: 4k page, physical 12474540k(9992608k free), swap 14520688k(11660372k free)

vm_info: Java HotSpot(TM) 64-Bit Server VM (21.0-b17) for windows-amd64 JRE (1.7.0-b147), built on Jun 27 2011 02:19:45 by "java_re" with unknown MS VC++:1600

time: Mon Dec 17 14:35:06 2012
elapsed time: 0 seconds

